<?xml version="1.0" encoding="UTF-8"?>
<testng-results skipped="0" failed="0" ignored="0" total="2" passed="2">
  <reporter-output>
  </reporter-output>
  <suite name="Suite" duration-ms="35256" started-at="2020-01-23T05:12:54Z" finished-at="2020-01-23T05:13:30Z">
    <groups>
    </groups>
    <test name="Test" duration-ms="35256" started-at="2020-01-23T05:12:54Z" finished-at="2020-01-23T05:13:30Z">
      <class name="secondTest.SecondTest">
        <test-method status="PASS" signature="validfirsttest()[pri:0, instance:secondTest.SecondTest@290d210d]" name="validfirsttest" duration-ms="15392" started-at="2020-01-23T10:42:54Z" finished-at="2020-01-23T10:43:10Z">
          <reporter-output>
          </reporter-output>
        </test-method> <!-- validfirsttest -->
      </class> <!-- secondTest.SecondTest -->
      <class name="firstTest.FirstTest">
        <test-method status="PASS" signature="validfirsttest()[pri:0, instance:firstTest.FirstTest@10db82ae]" name="validfirsttest" duration-ms="19821" started-at="2020-01-23T10:43:10Z" finished-at="2020-01-23T10:43:30Z">
          <reporter-output>
          </reporter-output>
        </test-method> <!-- validfirsttest -->
      </class> <!-- firstTest.FirstTest -->
    </test> <!-- Test -->
  </suite> <!-- Suite -->
</testng-results>
