<?xml version="1.0" encoding="UTF-8"?>
<testng-results skipped="0" failed="0" ignored="0" total="2" passed="2">
  <reporter-output>
  </reporter-output>
  <suite name="Suite" duration-ms="30673" started-at="2020-01-23T10:09:22 IST" finished-at="2020-01-23T10:09:53 IST">
    <groups>
    </groups>
    <test name="Test" duration-ms="30673" started-at="2020-01-23T10:09:22 IST" finished-at="2020-01-23T10:09:53 IST">
      <class name="secondTest.SecondTest">
        <test-method status="PASS" signature="validfirsttest()[pri:0, instance:secondTest.SecondTest@7ba18f1b]" name="validfirsttest" duration-ms="18725" started-at="2020-01-23T10:09:22 IST" finished-at="2020-01-23T10:09:41 IST">
          <reporter-output>
          </reporter-output>
        </test-method> <!-- validfirsttest -->
      </class> <!-- secondTest.SecondTest -->
      <class name="firstTest.FirstTest">
        <test-method status="PASS" signature="validfirsttest()[pri:0, instance:firstTest.FirstTest@2f8f5f62]" name="validfirsttest" duration-ms="11906" started-at="2020-01-23T10:09:41 IST" finished-at="2020-01-23T10:09:53 IST">
          <reporter-output>
          </reporter-output>
        </test-method> <!-- validfirsttest -->
      </class> <!-- firstTest.FirstTest -->
    </test> <!-- Test -->
  </suite> <!-- Suite -->
</testng-results>
